0 info it worked if it ends with ok
1 verbose cli [ '/home/therebelrobot/.nvm/v0.10.32/bin/node',
1 verbose cli   '/home/therebelrobot/.nvm/v0.10.32/bin/npm',
1 verbose cli   'install',
1 verbose cli   '--save',
1 verbose cli   'routerjs' ]
2 info using npm@1.4.28
3 info using node@v0.10.32
4 warn package.json string-to-js@0.0.1 No repository field.
5 verbose readDependencies using package.json deps
6 verbose cache add [ 'routerjs', null ]
7 verbose cache add name=undefined spec="routerjs" args=["routerjs",null]
8 verbose parsed url { protocol: null,
8 verbose parsed url   slashes: null,
8 verbose parsed url   auth: null,
8 verbose parsed url   host: null,
8 verbose parsed url   port: null,
8 verbose parsed url   hostname: null,
8 verbose parsed url   hash: null,
8 verbose parsed url   search: null,
8 verbose parsed url   query: null,
8 verbose parsed url   pathname: 'routerjs',
8 verbose parsed url   path: 'routerjs',
8 verbose parsed url   href: 'routerjs' }
9 silly lockFile 8cee2108-routerjs routerjs
10 verbose lock routerjs /home/therebelrobot/.npm/8cee2108-routerjs.lock
11 silly lockFile 8cee2108-routerjs routerjs
12 silly lockFile 8cee2108-routerjs routerjs
13 verbose addNamed [ 'routerjs', '' ]
14 verbose addNamed [ null, '*' ]
15 silly lockFile a63e1988-routerjs routerjs@
16 verbose lock routerjs@ /home/therebelrobot/.npm/a63e1988-routerjs.lock
17 silly addNameRange { name: 'routerjs', range: '*', hasData: false }
18 verbose request where is /routerjs
19 verbose request registry https://registry.npmjs.org/
20 verbose request id 86288db96e35f082
21 verbose url raw /routerjs
22 verbose url resolving [ 'https://registry.npmjs.org/', './routerjs' ]
23 verbose url resolved https://registry.npmjs.org/routerjs
24 verbose request where is https://registry.npmjs.org/routerjs
25 info trying registry request attempt 1 at 19:05:32
26 http GET https://registry.npmjs.org/routerjs
27 http 404 https://registry.npmjs.org/routerjs
28 silly registry.get cb [ 404,
28 silly registry.get   { date: 'Tue, 04 Nov 2014 02:05:32 GMT',
28 silly registry.get     server: 'CouchDB/1.5.0 (Erlang OTP/R16B03)',
28 silly registry.get     etag: '"EKPQJQD96PZS4DFGZUOIBWNYZ"',
28 silly registry.get     'content-type': 'application/json',
28 silly registry.get     'cache-control': 'max-age=0',
28 silly registry.get     'content-length': '830',
28 silly registry.get     'accept-ranges': 'bytes',
28 silly registry.get     via: '1.1 varnish',
28 silly registry.get     age: '0',
28 silly registry.get     'x-served-by': 'cache-sjc3120-SJC',
28 silly registry.get     'x-cache': 'MISS',
28 silly registry.get     'x-cache-hits': '0',
28 silly registry.get     'x-timer': 'S1415066732.713320,VS0,VE37',
28 silly registry.get     vary: 'Accept',
28 silly registry.get     'keep-alive': 'timeout=10, max=50',
28 silly registry.get     connection: 'Keep-Alive' } ]
29 silly lockFile a63e1988-routerjs routerjs@
30 silly lockFile a63e1988-routerjs routerjs@
31 error 404 Not Found
31 error 404
31 error 404 'routerjs' is not in the npm registry.
31 error 404 You should bug the author to publish it
31 error 404 It was specified as a dependency of 'therebelrobot.com'
31 error 404
31 error 404 Note that you can also install from a
31 error 404 tarball, folder, or http url, or git url.
32 error System Linux 3.13.0-24-generic
33 error command "/home/therebelrobot/.nvm/v0.10.32/bin/node" "/home/therebelrobot/.nvm/v0.10.32/bin/npm" "install" "--save" "routerjs"
34 error cwd /home/therebelrobot/git/personal/therebelrobot.com-Oct2014
35 error node -v v0.10.32
36 error npm -v 1.4.28
37 error code E404
38 verbose exit [ 1, true ]
